2019-11-15 00:34:20.396  INFO 20220 --- [restartedMain] c.e.springdemo.SpringdemoApplication     : Starting SpringdemoApplication on 0604XWBG6V07SF1 with PID 20220 (D:\IDEAProgram\springdemo\target\classes started by Administrator in D:\IDEAProgram\springdemo)
2019-11-15 00:34:20.397  INFO 20220 --- [restartedMain] c.e.springdemo.SpringdemoApplication     : No active profile set, falling back to default profiles: default
2019-11-15 00:34:20.783  WARN 20220 --- [restartedMain] org.apache.tomcat.util.modeler.Registry  : The MBean registry cannot be disabled because it has already been initialised
2019-11-15 00:34:20.834  INFO 20220 --- [restartedMain] o.s.b.w.embedded.tomcat.TomcatWebServer  : Tomcat initialized with port(s): 8088 (http)
2019-11-15 00:34:20.836  INFO 20220 --- [restartedMain] o.apache.catalina.core.StandardService   : Starting service [Tomcat]
2019-11-15 00:34:20.836  INFO 20220 --- [restartedMain] org.apache.catalina.core.StandardEngine  : Starting Servlet engine: [Apache Tomcat/9.0.27]
2019-11-15 00:34:20.836  INFO 20220 --- [restartedMain] o.a.catalina.core.AprLifecycleListener   : Loaded APR based Apache Tomcat Native library [1.2.23] using APR version [1.7.0].
2019-11-15 00:34:20.836  INFO 20220 --- [restartedMain] o.a.catalina.core.AprLifecycleListener   : APR capabilities: IPv6 [true], sendfile [true], accept filters [false], random [true].
2019-11-15 00:34:20.837  INFO 20220 --- [restartedMain] o.a.catalina.core.AprLifecycleListener   : APR/OpenSSL configuration: useAprConnector [false], useOpenSSL [true]
2019-11-15 00:34:20.837  INFO 20220 --- [restartedMain] o.a.catalina.core.AprLifecycleListener   : OpenSSL successfully initialized [OpenSSL 1.1.1c  28 May 2019]
2019-11-15 00:34:20.855  INFO 20220 --- [restartedMain] o.a.c.c.C.[Tomcat].[localhost].[/imooc]  : Initializing Spring embedded WebApplicationContext
2019-11-15 00:34:20.855  INFO 20220 --- [restartedMain] o.s.web.context.ContextLoader            : Root WebApplicationContext: initialization completed in 454 ms
2019-11-15 00:34:20.941  INFO 20220 --- [restartedMain] o.s.s.concurrent.ThreadPoolTaskExecutor  : Initializing ExecutorService 'applicationTaskExecutor'
2019-11-15 00:34:21.003  INFO 20220 --- [restartedMain] o.s.b.d.a.OptionalLiveReloadServer       : LiveReload server is running on port 35729
2019-11-15 00:34:21.025  INFO 20220 --- [restartedMain] o.s.b.w.embedded.tomcat.TomcatWebServer  : Tomcat started on port(s): 8088 (http) with context path '/imooc'
2019-11-15 00:34:21.025  INFO 20220 --- [restartedMain] c.e.springdemo.SpringdemoApplication     : Started SpringdemoApplication in 0.669 seconds (JVM running for 565.931)
2019-11-15 00:34:21.027  INFO 20220 --- [restartedMain] .ConditionEvaluationDeltaLoggingListener : Condition evaluation unchanged
2019-11-15 00:36:32.353  INFO 21568 --- [restartedMain] c.e.springdemo.SpringdemoApplication     : Starting SpringdemoApplication on 0604XWBG6V07SF1 with PID 21568 (D:\IDEAProgram\springdemo\target\classes started by Administrator in D:\IDEAProgram\springdemo)
2019-11-15 00:36:32.369  INFO 21568 --- [restartedMain] c.e.springdemo.SpringdemoApplication     : No active profile set, falling back to default profiles: default
2019-11-15 00:36:32.502  INFO 21568 --- [restartedMain] .e.DevToolsPropertyDefaultsPostProcessor : Devtools property defaults active! Set 'spring.devtools.add-properties' to 'false' to disable
2019-11-15 00:36:32.502  INFO 21568 --- [restartedMain] .e.DevToolsPropertyDefaultsPostProcessor : For additional web related logging consider setting the 'logging.level.web' property to 'DEBUG'
2019-11-15 00:36:34.230  INFO 21568 --- [restartedMain] o.s.b.w.embedded.tomcat.TomcatWebServer  : Tomcat initialized with port(s): 8088 (http)
2019-11-15 00:36:34.239  INFO 21568 --- [restartedMain] o.apache.catalina.core.StandardService   : Starting service [Tomcat]
2019-11-15 00:36:34.240  INFO 21568 --- [restartedMain] org.apache.catalina.core.StandardEngine  : Starting Servlet engine: [Apache Tomcat/9.0.27]
2019-11-15 00:36:34.242  INFO 21568 --- [restartedMain] o.a.catalina.core.AprLifecycleListener   : Loaded APR based Apache Tomcat Native library [1.2.23] using APR version [1.7.0].
2019-11-15 00:36:34.242  INFO 21568 --- [restartedMain] o.a.catalina.core.AprLifecycleListener   : APR capabilities: IPv6 [true], sendfile [true], accept filters [false], random [true].
2019-11-15 00:36:34.242  INFO 21568 --- [restartedMain] o.a.catalina.core.AprLifecycleListener   : APR/OpenSSL configuration: useAprConnector [false], useOpenSSL [true]
2019-11-15 00:36:34.246  INFO 21568 --- [restartedMain] o.a.catalina.core.AprLifecycleListener   : OpenSSL successfully initialized [OpenSSL 1.1.1c  28 May 2019]
2019-11-15 00:36:34.317  INFO 21568 --- [restartedMain] o.a.c.c.C.[Tomcat].[localhost].[/imooc]  : Initializing Spring embedded WebApplicationContext
2019-11-15 00:36:34.318  INFO 21568 --- [restartedMain] o.s.web.context.ContextLoader            : Root WebApplicationContext: initialization completed in 1816 ms
2019-11-15 00:36:34.514  INFO 21568 --- [restartedMain] o.s.s.concurrent.ThreadPoolTaskExecutor  : Initializing ExecutorService 'applicationTaskExecutor'
2019-11-15 00:36:34.671  INFO 21568 --- [restartedMain] o.s.b.d.a.OptionalLiveReloadServer       : LiveReload server is running on port 35729
2019-11-15 00:36:34.713  INFO 21568 --- [restartedMain] o.s.b.w.embedded.tomcat.TomcatWebServer  : Tomcat started on port(s): 8088 (http) with context path '/imooc'
2019-11-15 00:36:34.716  INFO 21568 --- [restartedMain] c.e.springdemo.SpringdemoApplication     : Started SpringdemoApplication in 2.973 seconds (JVM running for 4.669)
2019-11-15 00:37:49.782  INFO 20676 --- [restartedMain] c.e.springdemo.SpringdemoApplication     : Starting SpringdemoApplication on 0604XWBG6V07SF1 with PID 20676 (D:\IDEAProgram\springdemo\target\classes started by Administrator in D:\IDEAProgram\springdemo)
2019-11-15 00:37:49.787  INFO 20676 --- [restartedMain] c.e.springdemo.SpringdemoApplication     : No active profile set, falling back to default profiles: default
2019-11-15 00:37:49.896  INFO 20676 --- [restartedMain] .e.DevToolsPropertyDefaultsPostProcessor : Devtools property defaults active! Set 'spring.devtools.add-properties' to 'false' to disable
2019-11-15 00:37:49.896  INFO 20676 --- [restartedMain] .e.DevToolsPropertyDefaultsPostProcessor : For additional web related logging consider setting the 'logging.level.web' property to 'DEBUG'
2019-11-15 00:37:51.375  INFO 20676 --- [restartedMain] o.s.b.w.embedded.tomcat.TomcatWebServer  : Tomcat initialized with port(s): 8088 (http)
2019-11-15 00:37:51.388  INFO 20676 --- [restartedMain] o.apache.catalina.core.StandardService   : Starting service [Tomcat]
2019-11-15 00:37:51.389  INFO 20676 --- [restartedMain] org.apache.catalina.core.StandardEngine  : Starting Servlet engine: [Apache Tomcat/9.0.27]
2019-11-15 00:37:51.391  INFO 20676 --- [restartedMain] o.a.catalina.core.AprLifecycleListener   : Loaded APR based Apache Tomcat Native library [1.2.23] using APR version [1.7.0].
2019-11-15 00:37:51.392  INFO 20676 --- [restartedMain] o.a.catalina.core.AprLifecycleListener   : APR capabilities: IPv6 [true], sendfile [true], accept filters [false], random [true].
2019-11-15 00:37:51.392  INFO 20676 --- [restartedMain] o.a.catalina.core.AprLifecycleListener   : APR/OpenSSL configuration: useAprConnector [false], useOpenSSL [true]
2019-11-15 00:37:51.396  INFO 20676 --- [restartedMain] o.a.catalina.core.AprLifecycleListener   : OpenSSL successfully initialized [OpenSSL 1.1.1c  28 May 2019]
2019-11-15 00:37:51.480  INFO 20676 --- [restartedMain] o.a.c.c.C.[Tomcat].[localhost].[/imooc]  : Initializing Spring embedded WebApplicationContext
2019-11-15 00:37:51.481  INFO 20676 --- [restartedMain] o.s.web.context.ContextLoader            : Root WebApplicationContext: initialization completed in 1584 ms
2019-11-15 00:37:51.691  INFO 20676 --- [restartedMain] o.s.s.concurrent.ThreadPoolTaskExecutor  : Initializing ExecutorService 'applicationTaskExecutor'
2019-11-15 00:37:51.857  INFO 20676 --- [restartedMain] o.s.b.d.a.OptionalLiveReloadServer       : LiveReload server is running on port 35729
2019-11-15 00:37:51.909  INFO 20676 --- [restartedMain] o.s.b.w.embedded.tomcat.TomcatWebServer  : Tomcat started on port(s): 8088 (http) with context path '/imooc'
2019-11-15 00:37:51.913  INFO 20676 --- [restartedMain] c.e.springdemo.SpringdemoApplication     : Started SpringdemoApplication in 2.792 seconds (JVM running for 4.164)
2019-11-15 00:38:06.635  INFO 20676 --- [http-nio-192.168.1.27-8088-exec-1] o.a.c.c.C.[Tomcat].[localhost].[/imooc]  : Initializing Spring DispatcherServlet 'dispatcherServlet'
2019-11-15 00:38:06.636  INFO 20676 --- [http-nio-192.168.1.27-8088-exec-1] o.s.web.servlet.DispatcherServlet        : Initializing Servlet 'dispatcherServlet'
2019-11-15 00:38:06.643  INFO 20676 --- [http-nio-192.168.1.27-8088-exec-1] o.s.web.servlet.DispatcherServlet        : Completed initialization in 7 ms
2019-11-15 00:38:19.924  INFO 20676 --- [Thread-12] o.s.s.concurrent.ThreadPoolTaskExecutor  : Shutting down ExecutorService 'applicationTaskExecutor'
2019-11-15 00:38:20.149  INFO 20676 --- [restartedMain] c.e.springdemo.SpringdemoApplication     : Starting SpringdemoApplication on 0604XWBG6V07SF1 with PID 20676 (D:\IDEAProgram\springdemo\target\classes started by Administrator in D:\IDEAProgram\springdemo)
2019-11-15 00:38:20.149  INFO 20676 --- [restartedMain] c.e.springdemo.SpringdemoApplication     : No active profile set, falling back to default profiles: default
2019-11-15 00:38:20.517  WARN 20676 --- [restartedMain] org.apache.tomcat.util.modeler.Registry  : The MBean registry cannot be disabled because it has already been initialised
2019-11-15 00:38:20.551  INFO 20676 --- [restartedMain] o.s.b.w.embedded.tomcat.TomcatWebServer  : Tomcat initialized with port(s): 8088 (http)
2019-11-15 00:38:20.553  INFO 20676 --- [restartedMain] o.apache.catalina.core.StandardService   : Starting service [Tomcat]
2019-11-15 00:38:20.554  INFO 20676 --- [restartedMain] org.apache.catalina.core.StandardEngine  : Starting Servlet engine: [Apache Tomcat/9.0.27]
2019-11-15 00:38:20.555  INFO 20676 --- [restartedMain] o.a.catalina.core.AprLifecycleListener   : Loaded APR based Apache Tomcat Native library [1.2.23] using APR version [1.7.0].
2019-11-15 00:38:20.555  INFO 20676 --- [restartedMain] o.a.catalina.core.AprLifecycleListener   : APR capabilities: IPv6 [true], sendfile [true], accept filters [false], random [true].
2019-11-15 00:38:20.556  INFO 20676 --- [restartedMain] o.a.catalina.core.AprLifecycleListener   : APR/OpenSSL configuration: useAprConnector [false], useOpenSSL [true]
2019-11-15 00:38:20.556  INFO 20676 --- [restartedMain] o.a.catalina.core.AprLifecycleListener   : OpenSSL successfully initialized [OpenSSL 1.1.1c  28 May 2019]
2019-11-15 00:38:20.576  INFO 20676 --- [restartedMain] o.a.c.c.C.[Tomcat].[localhost].[/imooc]  : Initializing Spring embedded WebApplicationContext
2019-11-15 00:38:20.576  INFO 20676 --- [restartedMain] o.s.web.context.ContextLoader            : Root WebApplicationContext: initialization completed in 422 ms
2019-11-15 00:38:20.672  INFO 20676 --- [restartedMain] o.s.s.concurrent.ThreadPoolTaskExecutor  : Initializing ExecutorService 'applicationTaskExecutor'
2019-11-15 00:38:20.745  INFO 20676 --- [restartedMain] o.s.b.d.a.OptionalLiveReloadServer       : LiveReload server is running on port 35729
2019-11-15 00:38:20.768  INFO 20676 --- [restartedMain] o.s.b.w.embedded.tomcat.TomcatWebServer  : Tomcat started on port(s): 8088 (http) with context path '/imooc'
2019-11-15 00:38:20.769  INFO 20676 --- [restartedMain] c.e.springdemo.SpringdemoApplication     : Started SpringdemoApplication in 0.674 seconds (JVM running for 33.02)
2019-11-15 00:38:20.776  INFO 20676 --- [restartedMain] .ConditionEvaluationDeltaLoggingListener : Condition evaluation unchanged
2019-11-15 00:38:24.175  INFO 20676 --- [http-nio-8088-exec-1] o.a.c.c.C.[Tomcat].[localhost].[/imooc]  : Initializing Spring DispatcherServlet 'dispatcherServlet'
2019-11-15 00:38:24.176  INFO 20676 --- [http-nio-8088-exec-1] o.s.web.servlet.DispatcherServlet        : Initializing Servlet 'dispatcherServlet'
2019-11-15 00:38:24.185  INFO 20676 --- [http-nio-8088-exec-1] o.s.web.servlet.DispatcherServlet        : Completed initialization in 9 ms
2019-11-15 00:38:33.013  INFO 23476 --- [restartedMain] c.e.springdemo.SpringdemoApplication     : Starting SpringdemoApplication on 0604XWBG6V07SF1 with PID 23476 (D:\IDEAProgram\springdemo\target\classes started by Administrator in D:\IDEAProgram\springdemo)
2019-11-15 00:38:33.019  INFO 23476 --- [restartedMain] c.e.springdemo.SpringdemoApplication     : No active profile set, falling back to default profiles: default
2019-11-15 00:38:33.207  INFO 23476 --- [restartedMain] .e.DevToolsPropertyDefaultsPostProcessor : Devtools property defaults active! Set 'spring.devtools.add-properties' to 'false' to disable
2019-11-15 00:38:33.208  INFO 23476 --- [restartedMain] .e.DevToolsPropertyDefaultsPostProcessor : For additional web related logging consider setting the 'logging.level.web' property to 'DEBUG'
2019-11-15 00:38:35.458  INFO 23476 --- [restartedMain] o.s.b.w.embedded.tomcat.TomcatWebServer  : Tomcat initialized with port(s): 8088 (http)
2019-11-15 00:38:35.475  INFO 23476 --- [restartedMain] o.apache.catalina.core.StandardService   : Starting service [Tomcat]
2019-11-15 00:38:35.476  INFO 23476 --- [restartedMain] org.apache.catalina.core.StandardEngine  : Starting Servlet engine: [Apache Tomcat/9.0.27]
2019-11-15 00:38:35.480  INFO 23476 --- [restartedMain] o.a.catalina.core.AprLifecycleListener   : Loaded APR based Apache Tomcat Native library [1.2.23] using APR version [1.7.0].
2019-11-15 00:38:35.480  INFO 23476 --- [restartedMain] o.a.catalina.core.AprLifecycleListener   : APR capabilities: IPv6 [true], sendfile [true], accept filters [false], random [true].
2019-11-15 00:38:35.481  INFO 23476 --- [restartedMain] o.a.catalina.core.AprLifecycleListener   : APR/OpenSSL configuration: useAprConnector [false], useOpenSSL [true]
2019-11-15 00:38:35.481  INFO 23476 --- [restartedMain] o.a.catalina.core.AprLifecycleListener   : OpenSSL successfully initialized [OpenSSL 1.1.1c  28 May 2019]
2019-11-15 00:38:35.590  INFO 23476 --- [restartedMain] o.a.c.c.C.[Tomcat].[localhost].[/imooc]  : Initializing Spring embedded WebApplicationContext
2019-11-15 00:38:35.590  INFO 23476 --- [restartedMain] o.s.web.context.ContextLoader            : Root WebApplicationContext: initialization completed in 2382 ms
2019-11-15 00:38:35.934  INFO 23476 --- [restartedMain] o.s.s.concurrent.ThreadPoolTaskExecutor  : Initializing ExecutorService 'applicationTaskExecutor'
2019-11-15 00:38:36.232  INFO 23476 --- [restartedMain] o.s.b.d.a.OptionalLiveReloadServer       : LiveReload server is running on port 35729
2019-11-15 00:38:36.303  INFO 23476 --- [restartedMain] o.s.b.w.embedded.tomcat.TomcatWebServer  : Tomcat started on port(s): 8088 (http) with context path '/imooc'
2019-11-15 00:38:36.308  INFO 23476 --- [restartedMain] c.e.springdemo.SpringdemoApplication     : Started SpringdemoApplication in 4.024 seconds (JVM running for 5.813)
2019-11-15 00:39:12.941  INFO 23476 --- [Thread-14] o.s.s.concurrent.ThreadPoolTaskExecutor  : Shutting down ExecutorService 'applicationTaskExecutor'
2019-11-15 00:39:13.611  INFO 23476 --- [restartedMain] c.e.springdemo.SpringdemoApplication     : Starting SpringdemoApplication on 0604XWBG6V07SF1 with PID 23476 (D:\IDEAProgram\springdemo\target\classes started by Administrator in D:\IDEAProgram\springdemo)
2019-11-15 00:39:13.611  INFO 23476 --- [restartedMain] c.e.springdemo.SpringdemoApplication     : No active profile set, falling back to default profiles: default
2019-11-15 00:39:13.979  WARN 23476 --- [restartedMain] org.apache.tomcat.util.modeler.Registry  : The MBean registry cannot be disabled because it has already been initialised
2019-11-15 00:39:14.026  INFO 23476 --- [restartedMain] o.s.b.w.embedded.tomcat.TomcatWebServer  : Tomcat initialized with port(s): 8088 (http)
2019-11-15 00:39:14.026  INFO 23476 --- [restartedMain] o.apache.catalina.core.StandardService   : Starting service [Tomcat]
2019-11-15 00:39:14.026  INFO 23476 --- [restartedMain] org.apache.catalina.core.StandardEngine  : Starting Servlet engine: [Apache Tomcat/9.0.27]
2019-11-15 00:39:14.026  INFO 23476 --- [restartedMain] o.a.catalina.core.AprLifecycleListener   : Loaded APR based Apache Tomcat Native library [1.2.23] using APR version [1.7.0].
2019-11-15 00:39:14.026  INFO 23476 --- [restartedMain] o.a.catalina.core.AprLifecycleListener   : APR capabilities: IPv6 [true], sendfile [true], accept filters [false], random [true].
2019-11-15 00:39:14.026  INFO 23476 --- [restartedMain] o.a.catalina.core.AprLifecycleListener   : APR/OpenSSL configuration: useAprConnector [false], useOpenSSL [true]
2019-11-15 00:39:14.026  INFO 23476 --- [restartedMain] o.a.catalina.core.AprLifecycleListener   : OpenSSL successfully initialized [OpenSSL 1.1.1c  28 May 2019]
2019-11-15 00:39:14.042  INFO 23476 --- [restartedMain] o.a.c.c.C.[Tomcat].[localhost].[/imooc]  : Initializing Spring embedded WebApplicationContext
2019-11-15 00:39:14.042  INFO 23476 --- [restartedMain] o.s.web.context.ContextLoader            : Root WebApplicationContext: initialization completed in 415 ms
2019-11-15 00:39:14.165  INFO 23476 --- [restartedMain] o.s.s.concurrent.ThreadPoolTaskExecutor  : Initializing ExecutorService 'applicationTaskExecutor'
2019-11-15 00:39:14.286  INFO 23476 --- [restartedMain] o.s.b.d.a.OptionalLiveReloadServer       : LiveReload server is running on port 35729
2019-11-15 00:39:14.308  INFO 23476 --- [restartedMain] o.s.b.w.embedded.tomcat.TomcatWebServer  : Tomcat started on port(s): 8088 (http) with context path '/imooc'
2019-11-15 00:39:14.310  INFO 23476 --- [restartedMain] c.e.springdemo.SpringdemoApplication     : Started SpringdemoApplication in 0.75 seconds (JVM running for 43.814)
2019-11-15 00:39:14.315  INFO 23476 --- [restartedMain] .ConditionEvaluationDeltaLoggingListener : Condition evaluation unchanged
2019-11-15 00:39:22.035  INFO 22752 --- [restartedMain] c.e.springdemo.SpringdemoApplication     : Starting SpringdemoApplication on 0604XWBG6V07SF1 with PID 22752 (D:\IDEAProgram\springdemo\target\classes started by Administrator in D:\IDEAProgram\springdemo)
2019-11-15 00:39:22.077  INFO 22752 --- [restartedMain] c.e.springdemo.SpringdemoApplication     : No active profile set, falling back to default profiles: default
2019-11-15 00:39:22.162  INFO 22752 --- [restartedMain] .e.DevToolsPropertyDefaultsPostProcessor : Devtools property defaults active! Set 'spring.devtools.add-properties' to 'false' to disable
2019-11-15 00:39:22.163  INFO 22752 --- [restartedMain] .e.DevToolsPropertyDefaultsPostProcessor : For additional web related logging consider setting the 'logging.level.web' property to 'DEBUG'
2019-11-15 00:39:23.841  INFO 22752 --- [restartedMain] o.s.b.w.embedded.tomcat.TomcatWebServer  : Tomcat initialized with port(s): 8088 (http)
2019-11-15 00:39:23.855  INFO 22752 --- [restartedMain] o.apache.catalina.core.StandardService   : Starting service [Tomcat]
2019-11-15 00:39:23.855  INFO 22752 --- [restartedMain] org.apache.catalina.core.StandardEngine  : Starting Servlet engine: [Apache Tomcat/9.0.27]
2019-11-15 00:39:23.859  INFO 22752 --- [restartedMain] o.a.catalina.core.AprLifecycleListener   : Loaded APR based Apache Tomcat Native library [1.2.23] using APR version [1.7.0].
2019-11-15 00:39:23.860  INFO 22752 --- [restartedMain] o.a.catalina.core.AprLifecycleListener   : APR capabilities: IPv6 [true], sendfile [true], accept filters [false], random [true].
2019-11-15 00:39:23.861  INFO 22752 --- [restartedMain] o.a.catalina.core.AprLifecycleListener   : APR/OpenSSL configuration: useAprConnector [false], useOpenSSL [true]
2019-11-15 00:39:23.865  INFO 22752 --- [restartedMain] o.a.catalina.core.AprLifecycleListener   : OpenSSL successfully initialized [OpenSSL 1.1.1c  28 May 2019]
2019-11-15 00:39:23.962  INFO 22752 --- [restartedMain] o.a.c.c.C.[Tomcat].[localhost].[/imooc]  : Initializing Spring embedded WebApplicationContext
2019-11-15 00:39:23.962  INFO 22752 --- [restartedMain] o.s.web.context.ContextLoader            : Root WebApplicationContext: initialization completed in 1799 ms
2019-11-15 00:39:24.278  INFO 22752 --- [restartedMain] o.s.s.concurrent.ThreadPoolTaskExecutor  : Initializing ExecutorService 'applicationTaskExecutor'
2019-11-15 00:39:24.539  INFO 22752 --- [restartedMain] o.s.b.d.a.OptionalLiveReloadServer       : LiveReload server is running on port 35729
2019-11-15 00:39:24.602  INFO 22752 --- [restartedMain] o.s.b.w.embedded.tomcat.TomcatWebServer  : Tomcat started on port(s): 8088 (http) with context path '/imooc'
2019-11-15 00:39:24.608  INFO 22752 --- [restartedMain] c.e.springdemo.SpringdemoApplication     : Started SpringdemoApplication in 3.17 seconds (JVM running for 4.471)
2019-11-15 00:39:53.179  INFO 23296 --- [restartedMain] c.e.springdemo.SpringdemoApplication     : Starting SpringdemoApplication on 0604XWBG6V07SF1 with PID 23296 (D:\IDEAProgram\springdemo\target\classes started by Administrator in D:\IDEAProgram\springdemo)
2019-11-15 00:39:53.188  INFO 23296 --- [restartedMain] c.e.springdemo.SpringdemoApplication     : No active profile set, falling back to default profiles: default
2019-11-15 00:39:53.278  INFO 23296 --- [restartedMain] .e.DevToolsPropertyDefaultsPostProcessor : Devtools property defaults active! Set 'spring.devtools.add-properties' to 'false' to disable
2019-11-15 00:39:53.278  INFO 23296 --- [restartedMain] .e.DevToolsPropertyDefaultsPostProcessor : For additional web related logging consider setting the 'logging.level.web' property to 'DEBUG'
2019-11-15 00:39:55.057  INFO 23296 --- [restartedMain] o.s.b.w.embedded.tomcat.TomcatWebServer  : Tomcat initialized with port(s): 8088 (http)
2019-11-15 00:39:55.072  INFO 23296 --- [restartedMain] o.apache.catalina.core.StandardService   : Starting service [Tomcat]
2019-11-15 00:39:55.072  INFO 23296 --- [restartedMain] org.apache.catalina.core.StandardEngine  : Starting Servlet engine: [Apache Tomcat/9.0.27]
2019-11-15 00:39:55.090  INFO 23296 --- [restartedMain] o.a.catalina.core.AprLifecycleListener   : Loaded APR based Apache Tomcat Native library [1.2.23] using APR version [1.7.0].
2019-11-15 00:39:55.091  INFO 23296 --- [restartedMain] o.a.catalina.core.AprLifecycleListener   : APR capabilities: IPv6 [true], sendfile [true], accept filters [false], random [true].
2019-11-15 00:39:55.091  INFO 23296 --- [restartedMain] o.a.catalina.core.AprLifecycleListener   : APR/OpenSSL configuration: useAprConnector [false], useOpenSSL [true]
2019-11-15 00:39:55.095  INFO 23296 --- [restartedMain] o.a.catalina.core.AprLifecycleListener   : OpenSSL successfully initialized [OpenSSL 1.1.1c  28 May 2019]
2019-11-15 00:39:55.178  INFO 23296 --- [restartedMain] o.a.c.c.C.[Tomcat].[localhost].[/imooc]  : Initializing Spring embedded WebApplicationContext
2019-11-15 00:39:55.178  INFO 23296 --- [restartedMain] o.s.web.context.ContextLoader            : Root WebApplicationContext: initialization completed in 1899 ms
2019-11-15 00:39:55.393  INFO 23296 --- [restartedMain] o.s.s.concurrent.ThreadPoolTaskExecutor  : Initializing ExecutorService 'applicationTaskExecutor'
2019-11-15 00:39:55.560  INFO 23296 --- [restartedMain] o.s.b.d.a.OptionalLiveReloadServer       : LiveReload server is running on port 35729
2019-11-15 00:39:55.609  INFO 23296 --- [restartedMain] o.s.b.w.embedded.tomcat.TomcatWebServer  : Tomcat started on port(s): 8088 (http) with context path '/imooc'
2019-11-15 00:39:55.613  INFO 23296 --- [restartedMain] c.e.springdemo.SpringdemoApplication     : Started SpringdemoApplication in 3.319 seconds (JVM running for 5.398)
2019-11-15 00:40:17.183  INFO 23296 --- [Thread-13] o.s.s.concurrent.ThreadPoolTaskExecutor  : Shutting down ExecutorService 'applicationTaskExecutor'
2019-11-15 00:40:17.697  INFO 23296 --- [restartedMain] c.e.springdemo.SpringdemoApplication     : Starting SpringdemoApplication on 0604XWBG6V07SF1 with PID 23296 (D:\IDEAProgram\springdemo\target\classes started by Administrator in D:\IDEAProgram\springdemo)
2019-11-15 00:40:17.698  INFO 23296 --- [restartedMain] c.e.springdemo.SpringdemoApplication     : No active profile set, falling back to default profiles: default
2019-11-15 00:40:18.179  WARN 23296 --- [restartedMain] org.apache.tomcat.util.modeler.Registry  : The MBean registry cannot be disabled because it has already been initialised
2019-11-15 00:40:18.236  INFO 23296 --- [restartedMain] o.s.b.w.embedded.tomcat.TomcatWebServer  : Tomcat initialized with port(s): 8088 (http)
2019-11-15 00:40:18.237  INFO 23296 --- [restartedMain] o.apache.catalina.core.StandardService   : Starting service [Tomcat]
2019-11-15 00:40:18.238  INFO 23296 --- [restartedMain] org.apache.catalina.core.StandardEngine  : Starting Servlet engine: [Apache Tomcat/9.0.27]
2019-11-15 00:40:18.239  INFO 23296 --- [restartedMain] o.a.catalina.core.AprLifecycleListener   : Loaded APR based Apache Tomcat Native library [1.2.23] using APR version [1.7.0].
2019-11-15 00:40:18.239  INFO 23296 --- [restartedMain] o.a.catalina.core.AprLifecycleListener   : APR capabilities: IPv6 [true], sendfile [true], accept filters [false], random [true].
2019-11-15 00:40:18.240  INFO 23296 --- [restartedMain] o.a.catalina.core.AprLifecycleListener   : APR/OpenSSL configuration: useAprConnector [false], useOpenSSL [true]
2019-11-15 00:40:18.241  INFO 23296 --- [restartedMain] o.a.catalina.core.AprLifecycleListener   : OpenSSL successfully initialized [OpenSSL 1.1.1c  28 May 2019]
2019-11-15 00:40:18.265  INFO 23296 --- [restartedMain] o.a.c.c.C.[Tomcat].[localhost].[/imooc]  : Initializing Spring embedded WebApplicationContext
2019-11-15 00:40:18.266  INFO 23296 --- [restartedMain] o.s.web.context.ContextLoader            : Root WebApplicationContext: initialization completed in 562 ms
2019-11-15 00:40:18.370  INFO 23296 --- [restartedMain] o.s.s.concurrent.ThreadPoolTaskExecutor  : Initializing ExecutorService 'applicationTaskExecutor'
2019-11-15 00:40:18.462  INFO 23296 --- [restartedMain] o.s.b.d.a.OptionalLiveReloadServer       : LiveReload server is running on port 35729
2019-11-15 00:40:18.484  INFO 23296 --- [restartedMain] o.s.b.w.embedded.tomcat.TomcatWebServer  : Tomcat started on port(s): 8088 (http) with context path '/imooc'
2019-11-15 00:40:18.485  INFO 23296 --- [restartedMain] c.e.springdemo.SpringdemoApplication     : Started SpringdemoApplication in 0.836 seconds (JVM running for 28.271)
2019-11-15 00:40:18.488  INFO 23296 --- [restartedMain] .ConditionEvaluationDeltaLoggingListener : Condition evaluation unchanged
2019-11-15 00:40:29.040  INFO 23296 --- [Thread-20] o.s.s.concurrent.ThreadPoolTaskExecutor  : Shutting down ExecutorService 'applicationTaskExecutor'
2019-11-15 00:40:29.513  INFO 23296 --- [restartedMain] c.e.springdemo.SpringdemoApplication     : Starting SpringdemoApplication on 0604XWBG6V07SF1 with PID 23296 (D:\IDEAProgram\springdemo\target\classes started by Administrator in D:\IDEAProgram\springdemo)
2019-11-15 00:40:29.514  INFO 23296 --- [restartedMain] c.e.springdemo.SpringdemoApplication     : No active profile set, falling back to default profiles: default
2019-11-15 00:40:45.400  INFO 23428 --- [restartedMain] c.e.springdemo.SpringdemoApplication     : Starting SpringdemoApplication on 0604XWBG6V07SF1 with PID 23428 (D:\IDEAProgram\springdemo\target\classes started by Administrator in D:\IDEAProgram\springdemo)
2019-11-15 00:40:45.419  INFO 23428 --- [restartedMain] c.e.springdemo.SpringdemoApplication     : No active profile set, falling back to default profiles: default
2019-11-15 00:40:45.524  INFO 23428 --- [restartedMain] .e.DevToolsPropertyDefaultsPostProcessor : Devtools property defaults active! Set 'spring.devtools.add-properties' to 'false' to disable
2019-11-15 00:40:45.525  INFO 23428 --- [restartedMain] .e.DevToolsPropertyDefaultsPostProcessor : For additional web related logging consider setting the 'logging.level.web' property to 'DEBUG'
2019-11-15 00:40:47.045  INFO 23428 --- [restartedMain] o.s.b.w.embedded.tomcat.TomcatWebServer  : Tomcat initialized with port(s): 8088 (http)
2019-11-15 00:40:47.052  INFO 23428 --- [restartedMain] o.apache.catalina.core.StandardService   : Starting service [Tomcat]
2019-11-15 00:40:47.052  INFO 23428 --- [restartedMain] org.apache.catalina.core.StandardEngine  : Starting Servlet engine: [Apache Tomcat/9.0.27]
2019-11-15 00:40:47.052  INFO 23428 --- [restartedMain] o.a.catalina.core.AprLifecycleListener   : Loaded APR based Apache Tomcat Native library [1.2.23] using APR version [1.7.0].
2019-11-15 00:40:47.052  INFO 23428 --- [restartedMain] o.a.catalina.core.AprLifecycleListener   : APR capabilities: IPv6 [true], sendfile [true], accept filters [false], random [true].
2019-11-15 00:40:47.052  INFO 23428 --- [restartedMain] o.a.catalina.core.AprLifecycleListener   : APR/OpenSSL configuration: useAprConnector [false], useOpenSSL [true]
2019-11-15 00:40:47.052  INFO 23428 --- [restartedMain] o.a.catalina.core.AprLifecycleListener   : OpenSSL successfully initialized [OpenSSL 1.1.1c  28 May 2019]
2019-11-15 00:40:47.148  INFO 23428 --- [restartedMain] o.a.c.c.C.[Tomcat].[localhost].[/imooc]  : Initializing Spring embedded WebApplicationContext
2019-11-15 00:40:47.149  INFO 23428 --- [restartedMain] o.s.web.context.ContextLoader            : Root WebApplicationContext: initialization completed in 1624 ms
2019-11-15 00:40:47.355  INFO 23428 --- [restartedMain] o.s.s.concurrent.ThreadPoolTaskExecutor  : Initializing ExecutorService 'applicationTaskExecutor'
2019-11-15 00:40:47.518  INFO 23428 --- [restartedMain] o.s.b.d.a.OptionalLiveReloadServer       : LiveReload server is running on port 35729
2019-11-15 00:40:47.563  INFO 23428 --- [restartedMain] o.s.b.w.embedded.tomcat.TomcatWebServer  : Tomcat started on port(s): 8088 (http) with context path '/imooc'
2019-11-15 00:40:47.568  INFO 23428 --- [restartedMain] c.e.springdemo.SpringdemoApplication     : Started SpringdemoApplication in 2.879 seconds (JVM running for 4.568)
2019-11-15 00:41:12.363  INFO 23428 --- [http-nio-8088-exec-1] o.a.c.c.C.[Tomcat].[localhost].[/imooc]  : Initializing Spring DispatcherServlet 'dispatcherServlet'
2019-11-15 00:41:12.363  INFO 23428 --- [http-nio-8088-exec-1] o.s.web.servlet.DispatcherServlet        : Initializing Servlet 'dispatcherServlet'
2019-11-15 00:41:12.368  INFO 23428 --- [http-nio-8088-exec-1] o.s.web.servlet.DispatcherServlet        : Completed initialization in 5 ms
2019-11-15 00:42:04.804  INFO 23428 --- [Thread-12] o.s.s.concurrent.ThreadPoolTaskExecutor  : Shutting down ExecutorService 'applicationTaskExecutor'
